<?xml version="1.0" encoding="UTF-8"?>
<testsuite name="com.ubs.opsit.interviews.BerlinClockFixture" tests="1" skipped="0" failures="1" errors="0" timestamp="2018-04-30T15:23:36" hostname="LIN51006296" time="0.848">
  <properties/>
  <testcase name="berlinClockAcceptanceTests" classname="com.ubs.opsit.interviews.BerlinClockFixture" time="0.848">
    <failure message="org.jbehave.core.embedder.Embedder$RunningStoriesFailed: Failures in running stories: ReportsCount[stories=1,storiesNotAllowed=0,storiesPending=0,scenarios=4,scenariosFailed=4,scenariosNotAllowed=0,scenariosPending=0,stepsFailed=4]" type="org.jbehave.core.embedder.Embedder$RunningStoriesFailed">org.jbehave.core.embedder.Embedder$RunningStoriesFailed: Failures in running stories: ReportsCount[stories=1,storiesNotAllowed=0,storiesPending=0,scenarios=4,scenariosFailed=4,scenariosNotAllowed=0,scenariosPending=0,stepsFailed=4]
	at org.jbehave.core.embedder.Embedder$ThrowingRunningStoriesFailed.handleFailures(Embedder.java:499)
	at org.jbehave.core.embedder.Embedder.handleFailures(Embedder.java:265)
	at org.jbehave.core.embedder.Embedder.generateReportsView(Embedder.java:252)
	at org.jbehave.core.embedder.Embedder.generateReportsView(Embedder.java:233)
	at org.jbehave.core.embedder.Embedder.runStoriesAsPaths(Embedder.java:212)
	at com.ubs.opsit.interviews.support.BehaviouralTestEmbedder.run(BehaviouralTestEmbedder.java:51)
	at com.ubs.opsit.interviews.BerlinClockFixture.berlinClockAcceptanceTests(BerlinClockFixture.java:24)
	at sun.reflect.NativeMethodAccessorImpl.invoke0(Native Method)
	at sun.reflect.NativeMethodAccessorImpl.invoke(NativeMethodAccessorImpl.java:62)
	at sun.reflect.DelegatingMethodAccessorImpl.invoke(DelegatingMethodAccessorImpl.java:43)
	at java.lang.reflect.Method.invoke(Method.java:498)
	at org.junit.runners.model.FrameworkMethod$1.runReflectiveCall(FrameworkMethod.java:47)
	at org.junit.internal.runners.model.ReflectiveCallable.run(ReflectiveCallable.java:12)
	at org.junit.runners.model.FrameworkMethod.invokeExplosively(FrameworkMethod.java:44)
	at org.junit.internal.runners.statements.InvokeMethod.evaluate(InvokeMethod.java:17)
	at org.junit.runners.ParentRunner.runLeaf(ParentRunner.java:271)
	at org.junit.runners.BlockJUnit4ClassRunner.runChild(BlockJUnit4ClassRunner.java:70)
	at org.junit.runners.BlockJUnit4ClassRunner.runChild(BlockJUnit4ClassRunner.java:50)
	at org.junit.runners.ParentRunner$3.run(ParentRunner.java:238)
	at org.junit.runners.ParentRunner$1.schedule(ParentRunner.java:63)
	at org.junit.runners.ParentRunner.runChildren(ParentRunner.java:236)
	at org.junit.runners.ParentRunner.access$000(ParentRunner.java:53)
	at org.junit.runners.ParentRunner$2.evaluate(ParentRunner.java:229)
	at org.junit.runners.ParentRunner.run(ParentRunner.java:309)
	at org.gradle.api.internal.tasks.testing.junit.JUnitTestClassExecuter.runTestClass(JUnitTestClassExecuter.java:86)
	at org.gradle.api.internal.tasks.testing.junit.JUnitTestClassExecuter.execute(JUnitTestClassExecuter.java:49)
	at org.gradle.api.internal.tasks.testing.junit.JUnitTestClassProcessor.processTestClass(JUnitTestClassProcessor.java:69)
	at org.gradle.api.internal.tasks.testing.SuiteTestClassProcessor.processTestClass(SuiteTestClassProcessor.java:48)
	at sun.reflect.NativeMethodAccessorImpl.invoke0(Native Method)
	at sun.reflect.NativeMethodAccessorImpl.invoke(NativeMethodAccessorImpl.java:62)
	at sun.reflect.DelegatingMethodAccessorImpl.invoke(DelegatingMethodAccessorImpl.java:43)
	at java.lang.reflect.Method.invoke(Method.java:498)
	at org.gradle.messaging.dispatch.ReflectionDispatch.dispatch(ReflectionDispatch.java:35)
	at org.gradle.messaging.dispatch.ReflectionDispatch.dispatch(ReflectionDispatch.java:24)
	at org.gradle.messaging.dispatch.ContextClassLoaderDispatch.dispatch(ContextClassLoaderDispatch.java:32)
	at org.gradle.messaging.dispatch.ProxyDispatchAdapter$DispatchingInvocationHandler.invoke(ProxyDispatchAdapter.java:93)
	at com.sun.proxy.$Proxy2.processTestClass(Unknown Source)
	at org.gradle.api.internal.tasks.testing.worker.TestWorker.processTestClass(TestWorker.java:105)
	at sun.reflect.NativeMethodAccessorImpl.invoke0(Native Method)
	at sun.reflect.NativeMethodAccessorImpl.invoke(NativeMethodAccessorImpl.java:62)
	at sun.reflect.DelegatingMethodAccessorImpl.invoke(DelegatingMethodAccessorImpl.java:43)
	at java.lang.reflect.Method.invoke(Method.java:498)
	at org.gradle.messaging.dispatch.ReflectionDispatch.dispatch(ReflectionDispatch.java:35)
	at org.gradle.messaging.dispatch.ReflectionDispatch.dispatch(ReflectionDispatch.java:24)
	at org.gradle.messaging.remote.internal.hub.MessageHub$Handler.run(MessageHub.java:355)
	at org.gradle.internal.concurrent.DefaultExecutorFactory$StoppableExecutorImpl$1.run(DefaultExecutorFactory.java:64)
	at java.util.concurrent.ThreadPoolExecutor.runWorker(ThreadPoolExecutor.java:1149)
	at java.util.concurrent.ThreadPoolExecutor$Worker.run(ThreadPoolExecutor.java:624)
	at java.lang.Thread.run(Thread.java:748)
</failure>
  </testcase>
  <system-out><![CDATA[2018-04-30T20:53:36.498 | est worker | ClasspathStoryFinder | INFO   - Searching for stories called [berlin-clock.story] in [[C:\Users\sagdeshm\Downloads\java-berlin-clock-master\build\classes\test, C:\Users\sagdeshm\Downloads\java-berlin-clock-master\build\resources\test, C:\Users\sagdeshm\Downloads\java-berlin-clock-master\build\classes\main]] 
2018-04-30T20:53:36.521 | est worker | aviouralTestEmbedder | INFO   - Running [BehaviouralTestEmbedder] with spring_stories [[file:/C:/Users/sagdeshm/Downloads/java-berlin-clock-master/build/resources/test/stories/berlin-clock.story]] 
Processing system properties {}
Using controls EmbedderControls[batch=false,skip=false,generateViewAfterStories=true,ignoreFailureInStories=false,ignoreFailureInView=false,verboseFailures=false,verboseFiltering=false,storyTimeoutInSecs=300,threads=1]
Running story file:/C:/Users/sagdeshm/Downloads/java-berlin-clock-master/build/resources/test/stories/berlin-clock.story

(BeforeStories)


(AfterStories)

Generating reports view to 'C:\Users\sagdeshm\Downloads\java-berlin-clock-master\build\classes\jbehave' using formats '[stats, html, console]' and view properties '{defaultFormats=stats, decorateNonHtml=true, viewDirectory=view, decorated=ftl/jbehave-report-decorated.ftl, reports=ftl/jbehave-reports-with-totals.ftl, maps=ftl/jbehave-maps.ftl, navigator=ftl/jbehave-navigator.ftl, views=ftl/jbehave-views.ftl, nonDecorated=ftl/jbehave-report-non-decorated.ftl}'
Reports view generated with 1 stories (of which 0 pending) containing 4 scenarios (of which 0 pending)
]]></system-out>
  <system-err><![CDATA[]]></system-err>
</testsuite>
